<?xml version="1.0" encoding="UTF-8"?>
<robot generator="Robot 7.0 (Python 3.12.3 on win32)" generated="2024-05-19T16:50:20.982784" rpa="false" schemaversion="5">
<suite id="s1" name="Tests" source="C:\Users\bnmag\OneDrive\Documents\repos\star-wars-selenium-automation\temp\tests.robot">
<kw name="Open Browser" owner="SeleniumLibrary" type="SETUP">
<msg time="2024-05-19T16:50:21.500432" level="INFO">Opening browser 'Chrome' to base url 'http://localhost:3000/'.</msg>
<arg>http://localhost:3000/</arg>
<arg>Chrome</arg>
<doc>Opens a new browser instance to the optional ``url``.</doc>
<status status="PASS" start="2024-05-19T16:50:21.499917" elapsed="2.170902"/>
</kw>
<test id="s1-t1" name="Sort Movies By Title" line="16">
<kw name="HomePage.Sort By Title">
<msg time="2024-05-19T16:50:23.676218" level="FAIL">No keyword with name 'HomePage.Sort By Title' found.</msg>
<arg>asc</arg>
<status status="FAIL" start="2024-05-19T16:50:23.676218" elapsed="0.000000">No keyword with name 'HomePage.Sort By Title' found.</status>
</kw>
<kw name="Get Last Movie Title">
<var>${last_movie_title}</var>
<status status="NOT RUN" start="2024-05-19T16:50:23.678026" elapsed="0.000000"/>
</kw>
<kw name="Should Be Equal" owner="BuiltIn">
<arg>${last_movie_title}</arg>
<arg>The Phantom Menace</arg>
<doc>Fails if the given objects are unequal.</doc>
<status status="NOT RUN" start="2024-05-19T16:50:23.678026" elapsed="0.000000"/>
</kw>
<doc>Sort movies by Title and assert the last movie in the list is The Phantom Menace</doc>
<status status="FAIL" start="2024-05-19T16:50:23.671931" elapsed="0.006095">No keyword with name 'HomePage.Sort By Title' found.</status>
</test>
<test id="s1-t2" name="View Movie Species" line="22">
<kw name="Click Specific Movie Title">
<msg time="2024-05-19T16:50:23.688456" level="FAIL">No keyword with name 'Click Specific Movie Title' found.</msg>
<arg>The Empire Strikes Back</arg>
<status status="FAIL" start="2024-05-19T16:50:23.686528" elapsed="0.001928">No keyword with name 'Click Specific Movie Title' found.</status>
</kw>
<kw name="Species Contains">
<var>${species_contains_wookie}</var>
<arg>Wookie</arg>
<status status="NOT RUN" start="2024-05-19T16:50:23.689708" elapsed="0.000000"/>
</kw>
<kw name="Should Be True" owner="BuiltIn">
<arg>${species_contains_wookie}</arg>
<doc>Fails if the given condition is not true.</doc>
<status status="NOT RUN" start="2024-05-19T16:50:23.689708" elapsed="0.000000"/>
</kw>
<doc>View the movie The Empire Strikes Back and check if the Species list has Wookie</doc>
<status status="FAIL" start="2024-05-19T16:50:23.678026" elapsed="0.015023">No keyword with name 'Click Specific Movie Title' found.</status>
</test>
<test id="s1-t3" name="Planets Not In Movie" line="28">
<kw name="Click Specific Movie Title">
<msg time="2024-05-19T16:50:23.700167" level="FAIL">No keyword with name 'Click Specific Movie Title' found.</msg>
<arg>The Phantom Menace</arg>
<status status="FAIL" start="2024-05-19T16:50:23.700167" elapsed="0.000000">No keyword with name 'Click Specific Movie Title' found.</status>
</kw>
<kw name="Planets Does Not Contain">
<var>${planets_does_not_contain_camino}</var>
<arg>Camino</arg>
<status status="NOT RUN" start="2024-05-19T16:50:23.705581" elapsed="0.000000"/>
</kw>
<kw name="Should Be True" owner="BuiltIn">
<arg>${planets_does_not_contain_camino}</arg>
<doc>Fails if the given condition is not true.</doc>
<status status="NOT RUN" start="2024-05-19T16:50:23.705581" elapsed="0.000000"/>
</kw>
<doc>Assert that Planets Camino is not part of the movie The Phantom Menace</doc>
<status status="FAIL" start="2024-05-19T16:50:23.696031" elapsed="0.009550">No keyword with name 'Click Specific Movie Title' found.</status>
</test>
<kw name="Close Browser" owner="SeleniumLibrary" type="TEARDOWN">
<doc>Closes the current browser.</doc>
<status status="PASS" start="2024-05-19T16:50:23.710502" elapsed="2.339570"/>
</kw>
<status status="FAIL" start="2024-05-19T16:50:20.986765" elapsed="5.063307"/>
</suite>
<statistics>
<total>
<stat pass="0" fail="3" skip="0">All Tests</stat>
</total>
<tag>
</tag>
<suite>
<stat pass="0" fail="3" skip="0" id="s1" name="Tests">Tests</stat>
</suite>
</statistics>
<errors>
<msg time="2024-05-19T16:50:21.487543" level="ERROR">Error in file 'C:\Users\bnmag\OneDrive\Documents\repos\star-wars-selenium-automation\temp\tests.robot' on line 3: Library 'HomePage' expected 1 argument, got 0.</msg>
<msg time="2024-05-19T16:50:21.487543" level="ERROR">Error in file 'C:\Users\bnmag\OneDrive\Documents\repos\star-wars-selenium-automation\temp\tests.robot' on line 4: Library 'HomePage.HomePage' expected 1 argument, got 0.</msg>
<msg time="2024-05-19T16:50:21.487543" level="ERROR">Error in file 'C:\Users\bnmag\OneDrive\Documents\repos\star-wars-selenium-automation\temp\tests.robot' on line 5: Library 'MoviePage' expected 1 argument, got 0.</msg>
<msg time="2024-05-19T16:50:21.496852" level="ERROR">Error in file 'C:\Users\bnmag\OneDrive\Documents\repos\star-wars-selenium-automation\temp\tests.robot' on line 6: Library 'MoviePage.MoviePage' expected 1 argument, got 0.</msg>
</errors>
</robot>
